<?xml version="1.0" encoding="UTF-8"?>
<!-- Generated by org.testng.reporters.JUnitReportReporter -->
<testsuite name="com.oribo.android365.testcase.Personcenter" tests="17" time="1249.911" ignored="3" failures="1" timestamp="23 三月 2017 09:57:20 GMT" skipped="2" hostname="test" errors="0">
  <testcase name="nickmaxchina" time="50.015" classname="com.oribo.android365.testcase.Personcenter"/>
  <testcase name="checkbind" time="43.819" classname="com.oribo.android365.testcase.Personcenter"/>
  <testcase name="feedback" time="65.722" classname="com.oribo.android365.testcase.Personcenter"/>
  <testcase name="about" time="41.745" classname="com.oribo.android365.testcase.Personcenter"/>
  <testcase name="nickmodify" time="47.965" classname="com.oribo.android365.testcase.Personcenter"/>
  <testcase name="Unboundauthorization" time="53.853" classname="com.oribo.android365.testcase.Personcenter"/>
  <testcase name="setphotobycamera" time="84.625" classname="com.oribo.android365.testcase.Personcenter"/>
  <testcase name="authorization" time="105.894" classname="com.oribo.android365.testcase.Personcenter">
    <skipped/>
  </testcase> <!-- authorization -->
  <testcase name="checkaccount" time="43.462" classname="com.oribo.android365.testcase.Personcenter"/>
  <testcase name="nickNull" time="41.911" classname="com.oribo.android365.testcase.Personcenter"/>
  <testcase name="authorization" time="107.400" classname="com.oribo.android365.testcase.Personcenter">
    <skipped/>
  </testcase> <!-- authorization -->
  <testcase name="setphotobyalbum" time="89.851" classname="com.oribo.android365.testcase.Personcenter"/>
  <testcase name="nickmaxeng" time="63.821" classname="com.oribo.android365.testcase.Personcenter"/>
  <testcase name="authorizationentrance" time="41.017" classname="com.oribo.android365.testcase.Personcenter"/>
  <testcase name="bindinputcheck" time="160.218" classname="com.oribo.android365.testcase.Personcenter"/>
  <testcase name="forgetpassword" time="114.302" classname="com.oribo.android365.testcase.Personcenter"/>
  <testcase name="authorization" time="94.291" classname="com.oribo.android365.testcase.Personcenter">
    <failure type="java.lang.AssertionError" message="授权登录后我的界面不显示三方头像和名称 expected [false] but found [true]">
      <![CDATA[java.lang.AssertionError: 授权登录后我的界面不显示三方头像和名称 expected [false] but found [true]
	at org.testng.Assert.fail(Assert.java:94)
	at org.testng.Assert.failNotEquals(Assert.java:513)
	at org.testng.Assert.assertFalse(Assert.java:63)
	at com.oribo.android365.testcase.Personcenter.authorization(Personcenter.java:726)
	at sun.reflect.NativeMethodAccessorImpl.invoke0(Native Method)
	at sun.reflect.NativeMethodAccessorImpl.invoke(Unknown Source)
	at sun.reflect.DelegatingMethodAccessorImpl.invoke(Unknown Source)
	at java.lang.reflect.Method.invoke(Unknown Source)
	at org.testng.internal.MethodInvocationHelper.invokeMethod(MethodInvocationHelper.java:104)
	at org.testng.internal.Invoker.invokeMethod(Invoker.java:645)
	at org.testng.internal.Invoker.retryFailed(Invoker.java:998)
	at org.testng.internal.Invoker.invokeTestMethods(Invoker.java:1200)
	at org.testng.internal.TestMethodWorker.invokeTestMethods(TestMethodWorker.java:129)
	at org.testng.internal.TestMethodWorker.run(TestMethodWorker.java:112)
	at org.testng.TestRunner.privateRun(TestRunner.java:756)
	at org.testng.TestRunner.run(TestRunner.java:610)
	at org.testng.SuiteRunner.runTest(SuiteRunner.java:387)
	at org.testng.SuiteRunner.runSequentially(SuiteRunner.java:382)
	at org.testng.SuiteRunner.privateRun(SuiteRunner.java:340)
	at org.testng.SuiteRunner.run(SuiteRunner.java:289)
	at org.testng.SuiteRunnerWorker.runSuite(SuiteRunnerWorker.java:52)
	at org.testng.SuiteRunnerWorker.run(SuiteRunnerWorker.java:86)
	at org.testng.TestNG.runSuitesSequentially(TestNG.java:1293)
	at org.testng.TestNG.runSuitesLocally(TestNG.java:1218)
	at org.testng.TestNG.runSuites(TestNG.java:1133)
	at org.testng.TestNG.run(TestNG.java:1104)
	at org.testng.remote.AbstractRemoteTestNG.run(AbstractRemoteTestNG.java:132)
	at org.testng.remote.RemoteTestNG.initAndRun(RemoteTestNG.java:236)
	at org.testng.remote.RemoteTestNG.main(RemoteTestNG.java:81)
]]>
    </failure>
  </testcase> <!-- authorization -->
  <testcase name="checkdefaultphoto" classname="com.oribo.android365.testcase.Personcenter">
    <skipped/>
  </testcase> <!-- checkdefaultphoto -->
  <testcase name="modifypassword" classname="com.oribo.android365.testcase.Personcenter">
    <skipped/>
  </testcase> <!-- modifypassword -->
  <testcase name="ClickMore" classname="com.oribo.android365.testcase.PersoncenterWithdb">
    <skipped/>
  </testcase> <!-- ClickMore -->
</testsuite> <!-- com.oribo.android365.testcase.Personcenter -->
