<?xml version="1.0" encoding="UTF-8"?>
<!-- Generated by org.testng.reporters.JUnitReportReporter -->
<testsuite name="com.oribo.android365.testcase.HomeManage" tests="5" time="372.314" ignored="47" failures="1" timestamp="10 三月 2017 08:11:20 GMT" skipped="2" hostname="test" errors="1">
  <testcase name="tearDown" time="73.879" classname="com.oribo.android365.testcase.HomeManage">
    <error type="org.openqa.selenium.remote.SessionNotFoundException" message="A session is either terminated or not started (WARNING: The server did not provide any stacktrace information)
Command duration or timeout: 1.05 seconds
Build info: version: &#039;2.52.0&#039;, revision: &#039;4c2593c&#039;, time: &#039;2016-02-11 19:06:42&#039;
System info: host: &#039;test&#039;, ip: &#039;192.168.80.211&#039;, os.name: &#039;Windows 8.1&#039;, os.arch: &#039;amd64&#039;, os.version: &#039;6.3&#039;, java.version: &#039;1.8.0_31&#039;
Driver info: io.appium.java_client.android.AndroidDriver
Capabilities [{appPackage=com.orvibo.homemate, noReset=true, deviceName=492c754e, platform=LINUX, deviceUDID=492c754e, desired={appPackage=com.orvibo.homemate, appActivity=com.orvibo.homemate.common.launch.LaunchActivity, noReset=true, platformVersion=6.0.1, browserName=, unicodeKeyboard=true, sessionOverride=true, platformName=Android, udid=492c754e, deviceName=Android Emulator, device=Selendroid, resetKeyboard=true}, platformVersion=6.0.1, webStorageEnabled=false, takesScreenshot=true, browserName=, javascriptEnabled=true, unicodeKeyboard=true, platformName=Android, udid=492c754e, deviceManufacturer=Xiaomi, resetKeyboard=true, deviceScreenSize=1080x1920, networkConnectionEnabled=true, warnings={}, databaseEnabled=false, appActivity=com.orvibo.homemate.common.launch.LaunchActivity, locationContextEnabled=false, deviceModel=MI NOTE LTE, sessionOverride=true, device=Selendroid}]
Session ID: 5c131d12-cfb9-42f6-837b-139cf686554a">
      <![CDATA[org.openqa.selenium.remote.SessionNotFoundException: A session is either terminated or not started (WARNING: The server did not provide any stacktrace information)
Command duration or timeout: 1.05 seconds
Build info: version: '2.52.0', revision: '4c2593c', time: '2016-02-11 19:06:42'
System info: host: 'test', ip: '192.168.80.211', os.name: 'Windows 8.1', os.arch: 'amd64', os.version: '6.3', java.version: '1.8.0_31'
Driver info: io.appium.java_client.android.AndroidDriver
Capabilities [{appPackage=com.orvibo.homemate, noReset=true, deviceName=492c754e, platform=LINUX, deviceUDID=492c754e, desired={appPackage=com.orvibo.homemate, appActivity=com.orvibo.homemate.common.launch.LaunchActivity, noReset=true, platformVersion=6.0.1, browserName=, unicodeKeyboard=true, sessionOverride=true, platformName=Android, udid=492c754e, deviceName=Android Emulator, device=Selendroid, resetKeyboard=true}, platformVersion=6.0.1, webStorageEnabled=false, takesScreenshot=true, browserName=, javascriptEnabled=true, unicodeKeyboard=true, platformName=Android, udid=492c754e, deviceManufacturer=Xiaomi, resetKeyboard=true, deviceScreenSize=1080x1920, networkConnectionEnabled=true, warnings={}, databaseEnabled=false, appActivity=com.orvibo.homemate.common.launch.LaunchActivity, locationContextEnabled=false, deviceModel=MI NOTE LTE, sessionOverride=true, device=Selendroid}]
Session ID: 5c131d12-cfb9-42f6-837b-139cf686554a
	at sun.reflect.NativeConstructorAccessorImpl.newInstance0(Native Method)
	at sun.reflect.NativeConstructorAccessorImpl.newInstance(Unknown Source)
	at sun.reflect.DelegatingConstructorAccessorImpl.newInstance(Unknown Source)
	at java.lang.reflect.Constructor.newInstance(Unknown Source)
	at org.openqa.selenium.remote.ErrorHandler.createThrowable(ErrorHandler.java:206)
	at org.openqa.selenium.remote.ErrorHandler.throwIfResponseFailed(ErrorHandler.java:164)
	at org.openqa.selenium.remote.RemoteWebDriver.execute(RemoteWebDriver.java:678)
	at io.appium.java_client.DefaultGenericMobileDriver.execute(DefaultGenericMobileDriver.java:42)
	at io.appium.java_client.AppiumDriver.execute(AppiumDriver.java:206)
	at org.openqa.selenium.remote.RemoteWebDriver.quit(RemoteWebDriver.java:526)
	at com.oribo.android365.testcase.HomeManage.tearDown(HomeManage.java:1670)
	at sun.reflect.NativeMethodAccessorImpl.invoke0(Native Method)
	at sun.reflect.NativeMethodAccessorImpl.invoke(Unknown Source)
	at sun.reflect.DelegatingMethodAccessorImpl.invoke(Unknown Source)
	at java.lang.reflect.Method.invoke(Unknown Source)
	at org.testng.internal.MethodInvocationHelper.invokeMethod(MethodInvocationHelper.java:104)
	at org.testng.internal.Invoker.invokeConfigurationMethod(Invoker.java:515)
	at org.testng.internal.Invoker.invokeConfigurations(Invoker.java:217)
	at org.testng.internal.Invoker.invokeMethod(Invoker.java:712)
	at org.testng.internal.Invoker.retryFailed(Invoker.java:998)
	at org.testng.internal.Invoker.invokeTestMethods(Invoker.java:1200)
	at org.testng.internal.TestMethodWorker.invokeTestMethods(TestMethodWorker.java:129)
	at org.testng.internal.TestMethodWorker.run(TestMethodWorker.java:112)
	at org.testng.TestRunner.privateRun(TestRunner.java:756)
	at org.testng.TestRunner.run(TestRunner.java:610)
	at org.testng.SuiteRunner.runTest(SuiteRunner.java:387)
	at org.testng.SuiteRunner.runSequentially(SuiteRunner.java:382)
	at org.testng.SuiteRunner.privateRun(SuiteRunner.java:340)
	at org.testng.SuiteRunner.run(SuiteRunner.java:289)
	at org.testng.SuiteRunnerWorker.runSuite(SuiteRunnerWorker.java:52)
	at org.testng.SuiteRunnerWorker.run(SuiteRunnerWorker.java:86)
	at org.testng.TestNG.runSuitesSequentially(TestNG.java:1293)
	at org.testng.TestNG.runSuitesLocally(TestNG.java:1218)
	at org.testng.TestNG.runSuites(TestNG.java:1133)
	at org.testng.TestNG.run(TestNG.java:1104)
	at org.testng.remote.AbstractRemoteTestNG.run(AbstractRemoteTestNG.java:132)
	at org.testng.remote.RemoteTestNG.initAndRun(RemoteTestNG.java:236)
	at org.testng.remote.RemoteTestNG.main(RemoteTestNG.java:81)
]]>
    </error>
  </testcase> <!-- tearDown -->
  <testcase name="checkscene" time="100.600" classname="com.oribo.android365.testcase.HomeManage">
    <skipped/>
  </testcase> <!-- checkscene -->
  <testcase name="checkscene" time="100.328" classname="com.oribo.android365.testcase.HomeManage">
    <failure type="java.lang.AssertionError" message="expected [true] but found [false]">
      <![CDATA[java.lang.AssertionError: expected [true] but found [false]
	at org.testng.Assert.fail(Assert.java:94)
	at org.testng.Assert.failNotEquals(Assert.java:513)
	at org.testng.Assert.assertTrue(Assert.java:42)
	at org.testng.Assert.assertTrue(Assert.java:52)
	at com.oribo.android365.testcase.HomeManage.checkscene(HomeManage.java:948)
	at sun.reflect.NativeMethodAccessorImpl.invoke0(Native Method)
	at sun.reflect.NativeMethodAccessorImpl.invoke(Unknown Source)
	at sun.reflect.DelegatingMethodAccessorImpl.invoke(Unknown Source)
	at java.lang.reflect.Method.invoke(Unknown Source)
	at org.testng.internal.MethodInvocationHelper.invokeMethod(MethodInvocationHelper.java:104)
	at org.testng.internal.Invoker.invokeMethod(Invoker.java:645)
	at org.testng.internal.Invoker.retryFailed(Invoker.java:998)
	at org.testng.internal.Invoker.invokeTestMethods(Invoker.java:1200)
	at org.testng.internal.TestMethodWorker.invokeTestMethods(TestMethodWorker.java:129)
	at org.testng.internal.TestMethodWorker.run(TestMethodWorker.java:112)
	at org.testng.TestRunner.privateRun(TestRunner.java:756)
	at org.testng.TestRunner.run(TestRunner.java:610)
	at org.testng.SuiteRunner.runTest(SuiteRunner.java:387)
	at org.testng.SuiteRunner.runSequentially(SuiteRunner.java:382)
	at org.testng.SuiteRunner.privateRun(SuiteRunner.java:340)
	at org.testng.SuiteRunner.run(SuiteRunner.java:289)
	at org.testng.SuiteRunnerWorker.runSuite(SuiteRunnerWorker.java:52)
	at org.testng.SuiteRunnerWorker.run(SuiteRunnerWorker.java:86)
	at org.testng.TestNG.runSuitesSequentially(TestNG.java:1293)
	at org.testng.TestNG.runSuitesLocally(TestNG.java:1218)
	at org.testng.TestNG.runSuites(TestNG.java:1133)
	at org.testng.TestNG.run(TestNG.java:1104)
	at org.testng.remote.AbstractRemoteTestNG.run(AbstractRemoteTestNG.java:132)
	at org.testng.remote.RemoteTestNG.initAndRun(RemoteTestNG.java:236)
	at org.testng.remote.RemoteTestNG.main(RemoteTestNG.java:81)
]]>
    </failure>
  </testcase> <!-- checkscene -->
  <testcase name="checkscene" time="92.510" classname="com.oribo.android365.testcase.HomeManage">
    <skipped/>
  </testcase> <!-- checkscene -->
  <testcase name="checklinkage" time="4.997" classname="com.oribo.android365.testcase.HomeManage"/>
  <testcase name="nickmaxchina" classname="com.oribo.android365.testcase.Personcenter">
    <skipped/>
  </testcase> <!-- nickmaxchina -->
  <testcase name="grephonenumber" classname="com.oribo.android365.testcase.Personcenter">
    <skipped/>
  </testcase> <!-- grephonenumber -->
  <testcase name="checkdefaultphoto" classname="com.oribo.android365.testcase.Personcenter">
    <skipped/>
  </testcase> <!-- checkdefaultphoto -->
  <testcase name="nickmodify" classname="com.oribo.android365.testcase.Personcenter">
    <skipped/>
  </testcase> <!-- nickmodify -->
  <testcase name="nickNull" classname="com.oribo.android365.testcase.Personcenter">
    <skipped/>
  </testcase> <!-- nickNull -->
  <testcase name="nickmaxeng" classname="com.oribo.android365.testcase.Personcenter">
    <skipped/>
  </testcase> <!-- nickmaxeng -->
  <testcase name="authorizationentrance" classname="com.oribo.android365.testcase.Personcenter">
    <skipped/>
  </testcase> <!-- authorizationentrance -->
  <testcase name="forgetpassword" classname="com.oribo.android365.testcase.Personcenter">
    <skipped/>
  </testcase> <!-- forgetpassword -->
  <testcase name="rightaccountnext" classname="com.oribo.android365.testcase.Personcenter">
    <skipped/>
  </testcase> <!-- rightaccountnext -->
  <testcase name="checkaccount" classname="com.oribo.android365.testcase.Personcenter">
    <skipped/>
  </testcase> <!-- checkaccount -->
  <testcase name="phonebind" classname="com.oribo.android365.testcase.Personcenter">
    <skipped/>
  </testcase> <!-- phonebind -->
  <testcase name="setphotobyalbum" classname="com.oribo.android365.testcase.Personcenter">
    <skipped/>
  </testcase> <!-- setphotobyalbum -->
  <testcase name="notphonenumber" classname="com.oribo.android365.testcase.Personcenter">
    <skipped/>
  </testcase> <!-- notphonenumber -->
  <testcase name="feedback" classname="com.oribo.android365.testcase.Personcenter">
    <skipped/>
  </testcase> <!-- feedback -->
  <testcase name="authorization" classname="com.oribo.android365.testcase.Personcenter">
    <skipped/>
  </testcase> <!-- authorization -->
  <testcase name="lesphonenumber" classname="com.oribo.android365.testcase.Personcenter">
    <skipped/>
  </testcase> <!-- lesphonenumber -->
  <testcase name="checkbind" classname="com.oribo.android365.testcase.Personcenter">
    <skipped/>
  </testcase> <!-- checkbind -->
  <testcase name="rightaccount" classname="com.oribo.android365.testcase.Personcenter">
    <skipped/>
  </testcase> <!-- rightaccount -->
  <testcase name="specialchar" classname="com.oribo.android365.testcase.Personcenter">
    <skipped/>
  </testcase> <!-- specialchar -->
  <testcase name="identifycode" classname="com.oribo.android365.testcase.Personcenter">
    <skipped/>
  </testcase> <!-- identifycode -->
  <testcase name="homemanage" classname="com.oribo.android365.testcase.Personcenter">
    <skipped/>
  </testcase> <!-- homemanage -->
  <testcase name="about" classname="com.oribo.android365.testcase.Personcenter">
    <skipped/>
  </testcase> <!-- about -->
  <testcase name="Unboundauthorization" classname="com.oribo.android365.testcase.Personcenter">
    <skipped/>
  </testcase> <!-- Unboundauthorization -->
  <testcase name="modifypassword" classname="com.oribo.android365.testcase.Personcenter">
    <skipped/>
  </testcase> <!-- modifypassword -->
  <testcase name="setphotobycamera" classname="com.oribo.android365.testcase.Personcenter">
    <skipped/>
  </testcase> <!-- setphotobycamera -->
  <testcase name="addscene" classname="com.oribo.android365.testcase.HomeManage">
    <skipped/>
  </testcase> <!-- addscene -->
  <testcase name="CheckDeleteHost" classname="com.oribo.android365.testcase.HomeManage">
    <skipped/>
  </testcase> <!-- CheckDeleteHost -->
  <testcase name="remindersettings" classname="com.oribo.android365.testcase.HomeManage">
    <skipped/>
  </testcase> <!-- remindersettings -->
  <testcase name="checkdefault" classname="com.oribo.android365.testcase.HomeManage">
    <skipped/>
  </testcase> <!-- checkdefault -->
  <testcase name="CancelDeleteHostNotice" classname="com.oribo.android365.testcase.HomeManage">
    <skipped/>
  </testcase> <!-- CancelDeleteHostNotice -->
  <testcase name="DeleteHost" classname="com.oribo.android365.testcase.HomeManage">
    <skipped/>
  </testcase> <!-- DeleteHost -->
  <testcase name="dragfloor" classname="com.oribo.android365.testcase.HomeManage">
    <skipped/>
  </testcase> <!-- dragfloor -->
  <testcase name="addroom" classname="com.oribo.android365.testcase.HomeManage">
    <skipped/>
  </testcase> <!-- addroom -->
  <testcase name="checkfamilynumber" classname="com.oribo.android365.testcase.HomeManage">
    <skipped/>
  </testcase> <!-- checkfamilynumber -->
  <testcase name="edithome" classname="com.oribo.android365.testcase.HomeManage">
    <skipped/>
  </testcase> <!-- edithome -->
  <testcase name="addlink" classname="com.oribo.android365.testcase.HomeManage">
    <skipped/>
  </testcase> <!-- addlink -->
  <testcase name="memberoffamily" classname="com.oribo.android365.testcase.HomeManage">
    <skipped/>
  </testcase> <!-- memberoffamily -->
  <testcase name="delectroom" classname="com.oribo.android365.testcase.HomeManage">
    <skipped/>
  </testcase> <!-- delectroom -->
  <testcase name="myhost" classname="com.oribo.android365.testcase.HomeManage">
    <skipped/>
  </testcase> <!-- myhost -->
  <testcase name="sort" classname="com.oribo.android365.testcase.HomeManage">
    <skipped/>
  </testcase> <!-- sort -->
  <testcase name="ClickMore" classname="com.oribo.android365.testcase.HomeManage">
    <skipped/>
  </testcase> <!-- ClickMore -->
  <testcase name="CheckMyHub" classname="com.oribo.android365.testcase.HomeManage">
    <skipped/>
  </testcase> <!-- CheckMyHub -->
  <testcase name="familydetails" classname="com.oribo.android365.testcase.HomeManage">
    <skipped/>
  </testcase> <!-- familydetails -->
  <testcase name="delectfloor" classname="com.oribo.android365.testcase.HomeManage">
    <skipped/>
  </testcase> <!-- delectfloor -->
  <testcase name="addhome" classname="com.oribo.android365.testcase.HomeManage">
    <skipped/>
  </testcase> <!-- addhome -->
  <testcase name="addfloor" classname="com.oribo.android365.testcase.HomeManage">
    <skipped/>
  </testcase> <!-- addfloor -->
  <testcase name="defaultroom" classname="com.oribo.android365.testcase.HomeManage">
    <skipped/>
  </testcase> <!-- defaultroom -->
</testsuite> <!-- com.oribo.android365.testcase.HomeManage -->
