<?xml version="1.0" encoding="UTF-8"?>
<!-- Generated by org.testng.reporters.JUnitReportReporter -->
<testsuite name="com.oribo.android365.testcase.Personcenter" tests="1" time="92.554" ignored="51" failures="0" timestamp="13 三月 2017 10:50:09 GMT" skipped="0" hostname="test" errors="0">
  <testcase name="feedback" time="92.554" classname="com.oribo.android365.testcase.Personcenter"/>
  <testcase name="nickmaxchina" classname="com.oribo.android365.testcase.Personcenter">
    <skipped/>
  </testcase> <!-- nickmaxchina -->
  <testcase name="forgetpassword" classname="com.oribo.android365.testcase.Personcenter">
    <skipped/>
  </testcase> <!-- forgetpassword -->
  <testcase name="rightaccountnext" classname="com.oribo.android365.testcase.Personcenter">
    <skipped/>
  </testcase> <!-- rightaccountnext -->
  <testcase name="checkaccount" classname="com.oribo.android365.testcase.Personcenter">
    <skipped/>
  </testcase> <!-- checkaccount -->
  <testcase name="phonebind" classname="com.oribo.android365.testcase.Personcenter">
    <skipped/>
  </testcase> <!-- phonebind -->
  <testcase name="setphotobyalbum" classname="com.oribo.android365.testcase.Personcenter">
    <skipped/>
  </testcase> <!-- setphotobyalbum -->
  <testcase name="grephonenumber" classname="com.oribo.android365.testcase.Personcenter">
    <skipped/>
  </testcase> <!-- grephonenumber -->
  <testcase name="notphonenumber" classname="com.oribo.android365.testcase.Personcenter">
    <skipped/>
  </testcase> <!-- notphonenumber -->
  <testcase name="authorization" classname="com.oribo.android365.testcase.Personcenter">
    <skipped/>
  </testcase> <!-- authorization -->
  <testcase name="lesphonenumber" classname="com.oribo.android365.testcase.Personcenter">
    <skipped/>
  </testcase> <!-- lesphonenumber -->
  <testcase name="checkdefaultphoto" classname="com.oribo.android365.testcase.Personcenter">
    <skipped/>
  </testcase> <!-- checkdefaultphoto -->
  <testcase name="checkbind" classname="com.oribo.android365.testcase.Personcenter">
    <skipped/>
  </testcase> <!-- checkbind -->
  <testcase name="rightaccount" classname="com.oribo.android365.testcase.Personcenter">
    <skipped/>
  </testcase> <!-- rightaccount -->
  <testcase name="specialchar" classname="com.oribo.android365.testcase.Personcenter">
    <skipped/>
  </testcase> <!-- specialchar -->
  <testcase name="identifycode" classname="com.oribo.android365.testcase.Personcenter">
    <skipped/>
  </testcase> <!-- identifycode -->
  <testcase name="about" classname="com.oribo.android365.testcase.Personcenter">
    <skipped/>
  </testcase> <!-- about -->
  <testcase name="homemanage" classname="com.oribo.android365.testcase.Personcenter">
    <skipped/>
  </testcase> <!-- homemanage -->
  <testcase name="Unboundauthorization" classname="com.oribo.android365.testcase.Personcenter">
    <skipped/>
  </testcase> <!-- Unboundauthorization -->
  <testcase name="nickmodify" classname="com.oribo.android365.testcase.Personcenter">
    <skipped/>
  </testcase> <!-- nickmodify -->
  <testcase name="nickNull" classname="com.oribo.android365.testcase.Personcenter">
    <skipped/>
  </testcase> <!-- nickNull -->
  <testcase name="modifypassword" classname="com.oribo.android365.testcase.Personcenter">
    <skipped/>
  </testcase> <!-- modifypassword -->
  <testcase name="authorizationentrance" classname="com.oribo.android365.testcase.Personcenter">
    <skipped/>
  </testcase> <!-- authorizationentrance -->
  <testcase name="nickmaxeng" classname="com.oribo.android365.testcase.Personcenter">
    <skipped/>
  </testcase> <!-- nickmaxeng -->
  <testcase name="setphotobycamera" classname="com.oribo.android365.testcase.Personcenter">
    <skipped/>
  </testcase> <!-- setphotobycamera -->
  <testcase name="addscene" classname="com.oribo.android365.testcase.HomeManage">
    <skipped/>
  </testcase> <!-- addscene -->
  <testcase name="DeleteHost" classname="com.oribo.android365.testcase.HomeManage">
    <skipped/>
  </testcase> <!-- DeleteHost -->
  <testcase name="checkscene" classname="com.oribo.android365.testcase.HomeManage">
    <skipped/>
  </testcase> <!-- checkscene -->
  <testcase name="addroom" classname="com.oribo.android365.testcase.HomeManage">
    <skipped/>
  </testcase> <!-- addroom -->
  <testcase name="edithome" classname="com.oribo.android365.testcase.HomeManage">
    <skipped/>
  </testcase> <!-- edithome -->
  <testcase name="memberoffamily" classname="com.oribo.android365.testcase.HomeManage">
    <skipped/>
  </testcase> <!-- memberoffamily -->
  <testcase name="sort" classname="com.oribo.android365.testcase.HomeManage">
    <skipped/>
  </testcase> <!-- sort -->
  <testcase name="familydetails" classname="com.oribo.android365.testcase.HomeManage">
    <skipped/>
  </testcase> <!-- familydetails -->
  <testcase name="addfloor" classname="com.oribo.android365.testcase.HomeManage">
    <skipped/>
  </testcase> <!-- addfloor -->
  <testcase name="delectscene" classname="com.oribo.android365.testcase.HomeManage">
    <skipped/>
  </testcase> <!-- delectscene -->
  <testcase name="CheckDeleteHost" classname="com.oribo.android365.testcase.HomeManage">
    <skipped/>
  </testcase> <!-- CheckDeleteHost -->
  <testcase name="remindersettings" classname="com.oribo.android365.testcase.HomeManage">
    <skipped/>
  </testcase> <!-- remindersettings -->
  <testcase name="checkdefault" classname="com.oribo.android365.testcase.HomeManage">
    <skipped/>
  </testcase> <!-- checkdefault -->
  <testcase name="getAdvInfo" classname="com.oribo.android365.testcase.HomeManage">
    <skipped/>
  </testcase> <!-- getAdvInfo -->
  <testcase name="editscene" classname="com.oribo.android365.testcase.HomeManage">
    <skipped/>
  </testcase> <!-- editscene -->
  <testcase name="CancelDeleteHostNotice" classname="com.oribo.android365.testcase.HomeManage">
    <skipped/>
  </testcase> <!-- CancelDeleteHostNotice -->
  <testcase name="checklinkage" classname="com.oribo.android365.testcase.HomeManage">
    <skipped/>
  </testcase> <!-- checklinkage -->
  <testcase name="dragfloor" classname="com.oribo.android365.testcase.HomeManage">
    <skipped/>
  </testcase> <!-- dragfloor -->
  <testcase name="checkfamilynumber" classname="com.oribo.android365.testcase.HomeManage">
    <skipped/>
  </testcase> <!-- checkfamilynumber -->
  <testcase name="addlink" classname="com.oribo.android365.testcase.HomeManage">
    <skipped/>
  </testcase> <!-- addlink -->
  <testcase name="delectroom" classname="com.oribo.android365.testcase.HomeManage">
    <skipped/>
  </testcase> <!-- delectroom -->
  <testcase name="myhost" classname="com.oribo.android365.testcase.HomeManage">
    <skipped/>
  </testcase> <!-- myhost -->
  <testcase name="ClickMore" classname="com.oribo.android365.testcase.HomeManage">
    <skipped/>
  </testcase> <!-- ClickMore -->
  <testcase name="CheckMyHub" classname="com.oribo.android365.testcase.HomeManage">
    <skipped/>
  </testcase> <!-- CheckMyHub -->
  <testcase name="delectfloor" classname="com.oribo.android365.testcase.HomeManage">
    <skipped/>
  </testcase> <!-- delectfloor -->
  <testcase name="addhome" classname="com.oribo.android365.testcase.HomeManage">
    <skipped/>
  </testcase> <!-- addhome -->
  <testcase name="defaultroom" classname="com.oribo.android365.testcase.HomeManage">
    <skipped/>
  </testcase> <!-- defaultroom -->
</testsuite> <!-- com.oribo.android365.testcase.Personcenter -->
