<?xml version="1.0" encoding="UTF-8"?>
<!-- Generated by org.testng.reporters.JUnitReportReporter -->
<testsuite name="com.oribo.android365.testcase.Personcenter" tests="2" time="87.430" ignored="42" failures="0" timestamp="20 三月 2017 08:17:50 GMT" skipped="0" hostname="test" errors="1">
  <testcase name="nickmodify" time="46.337" classname="com.oribo.android365.testcase.Personcenter"/>
  <testcase name="feedback" time="41.093" classname="com.oribo.android365.testcase.Personcenter">
    <error type="io.appium.java_client.NoSuchContextException" message="No such context found. (WARNING: The server did not provide any stacktrace information)
Command duration or timeout: 933 milliseconds
Build info: version: &#039;2.52.0&#039;, revision: &#039;4c2593c&#039;, time: &#039;2016-02-11 19:06:42&#039;
System info: host: &#039;test&#039;, ip: &#039;192.168.4.185&#039;, os.name: &#039;Windows 8.1&#039;, os.arch: &#039;amd64&#039;, os.version: &#039;6.3&#039;, java.version: &#039;1.8.0_31&#039;
Driver info: io.appium.java_client.android.AndroidDriver
Capabilities [{appPackage=com.orvibo.homemate, noReset=true, deviceName=492c754e, platform=LINUX, deviceUDID=492c754e, desired={appPackage=com.orvibo.homemate, appActivity=com.orvibo.homemate.common.launch.LaunchActivity, noReset=true, platformVersion=6.0.1, browserName=, unicodeKeyboard=true, sessionOverride=true, platformName=Android, udid=492c754e, deviceName=Android Emulator, device=Selendroid, resetKeyboard=true}, platformVersion=6.0.1, webStorageEnabled=false, takesScreenshot=true, browserName=, javascriptEnabled=true, unicodeKeyboard=true, platformName=Android, udid=492c754e, deviceManufacturer=Xiaomi, resetKeyboard=true, deviceScreenSize=1080x1920, networkConnectionEnabled=true, warnings={}, databaseEnabled=false, appActivity=com.orvibo.homemate.common.launch.LaunchActivity, locationContextEnabled=false, deviceModel=MI NOTE LTE, sessionOverride=true, device=Selendroid}]
Session ID: ccf4398c-9cec-441f-9d12-a818837e1543">
      <![CDATA[io.appium.java_client.NoSuchContextException: No such context found. (WARNING: The server did not provide any stacktrace information)
Command duration or timeout: 933 milliseconds
Build info: version: '2.52.0', revision: '4c2593c', time: '2016-02-11 19:06:42'
System info: host: 'test', ip: '192.168.4.185', os.name: 'Windows 8.1', os.arch: 'amd64', os.version: '6.3', java.version: '1.8.0_31'
Driver info: io.appium.java_client.android.AndroidDriver
Capabilities [{appPackage=com.orvibo.homemate, noReset=true, deviceName=492c754e, platform=LINUX, deviceUDID=492c754e, desired={appPackage=com.orvibo.homemate, appActivity=com.orvibo.homemate.common.launch.LaunchActivity, noReset=true, platformVersion=6.0.1, browserName=, unicodeKeyboard=true, sessionOverride=true, platformName=Android, udid=492c754e, deviceName=Android Emulator, device=Selendroid, resetKeyboard=true}, platformVersion=6.0.1, webStorageEnabled=false, takesScreenshot=true, browserName=, javascriptEnabled=true, unicodeKeyboard=true, platformName=Android, udid=492c754e, deviceManufacturer=Xiaomi, resetKeyboard=true, deviceScreenSize=1080x1920, networkConnectionEnabled=true, warnings={}, databaseEnabled=false, appActivity=com.orvibo.homemate.common.launch.LaunchActivity, locationContextEnabled=false, deviceModel=MI NOTE LTE, sessionOverride=true, device=Selendroid}]
Session ID: ccf4398c-9cec-441f-9d12-a818837e1543
	at sun.reflect.NativeConstructorAccessorImpl.newInstance0(Native Method)
	at sun.reflect.NativeConstructorAccessorImpl.newInstance(Unknown Source)
	at sun.reflect.DelegatingConstructorAccessorImpl.newInstance(Unknown Source)
	at java.lang.reflect.Constructor.newInstance(Unknown Source)
	at org.openqa.selenium.remote.ErrorHandler.createThrowable(ErrorHandler.java:206)
	at org.openqa.selenium.remote.ErrorHandler.throwIfResponseFailed(ErrorHandler.java:158)
	at org.openqa.selenium.remote.RemoteWebDriver.execute(RemoteWebDriver.java:678)
	at io.appium.java_client.DefaultGenericMobileDriver.execute(DefaultGenericMobileDriver.java:42)
	at io.appium.java_client.AppiumDriver.execute(AppiumDriver.java:1)
	at io.appium.java_client.android.AndroidDriver.execute(AndroidDriver.java:1)
	at io.appium.java_client.AppiumDriver.context(AppiumDriver.java:339)
	at com.oribo.android365.testcase.Personcenter.feedback(Personcenter.java:858)
	at sun.reflect.NativeMethodAccessorImpl.invoke0(Native Method)
	at sun.reflect.NativeMethodAccessorImpl.invoke(Unknown Source)
	at sun.reflect.DelegatingMethodAccessorImpl.invoke(Unknown Source)
	at java.lang.reflect.Method.invoke(Unknown Source)
	at org.testng.internal.MethodInvocationHelper.invokeMethod(MethodInvocationHelper.java:104)
	at org.testng.internal.Invoker.invokeMethod(Invoker.java:645)
	at org.testng.internal.Invoker.invokeTestMethod(Invoker.java:851)
	at org.testng.internal.Invoker.invokeTestMethods(Invoker.java:1177)
	at org.testng.internal.TestMethodWorker.invokeTestMethods(TestMethodWorker.java:129)
	at org.testng.internal.TestMethodWorker.run(TestMethodWorker.java:112)
	at org.testng.TestRunner.privateRun(TestRunner.java:756)
	at org.testng.TestRunner.run(TestRunner.java:610)
	at org.testng.SuiteRunner.runTest(SuiteRunner.java:387)
	at org.testng.SuiteRunner.runSequentially(SuiteRunner.java:382)
	at org.testng.SuiteRunner.privateRun(SuiteRunner.java:340)
	at org.testng.SuiteRunner.run(SuiteRunner.java:289)
	at org.testng.SuiteRunnerWorker.runSuite(SuiteRunnerWorker.java:52)
	at org.testng.SuiteRunnerWorker.run(SuiteRunnerWorker.java:86)
	at org.testng.TestNG.runSuitesSequentially(TestNG.java:1293)
	at org.testng.TestNG.runSuitesLocally(TestNG.java:1218)
	at org.testng.TestNG.runSuites(TestNG.java:1133)
	at org.testng.TestNG.run(TestNG.java:1104)
	at org.testng.remote.AbstractRemoteTestNG.run(AbstractRemoteTestNG.java:132)
	at org.testng.remote.RemoteTestNG.initAndRun(RemoteTestNG.java:236)
	at org.testng.remote.RemoteTestNG.main(RemoteTestNG.java:81)
]]>
    </error>
  </testcase> <!-- feedback -->
  <testcase name="delectscene" classname="com.oribo.android365.testcase.HomeManage">
    <skipped/>
  </testcase> <!-- delectscene -->
  <testcase name="addscene" classname="com.oribo.android365.testcase.HomeManage">
    <skipped/>
  </testcase> <!-- addscene -->
  <testcase name="remindersettings" classname="com.oribo.android365.testcase.HomeManage">
    <skipped/>
  </testcase> <!-- remindersettings -->
  <testcase name="getAdvInfo" classname="com.oribo.android365.testcase.HomeManage">
    <skipped/>
  </testcase> <!-- getAdvInfo -->
  <testcase name="checkdefault" classname="com.oribo.android365.testcase.HomeManage">
    <skipped/>
  </testcase> <!-- checkdefault -->
  <testcase name="editscene" classname="com.oribo.android365.testcase.HomeManage">
    <skipped/>
  </testcase> <!-- editscene -->
  <testcase name="checklinkage" classname="com.oribo.android365.testcase.HomeManage">
    <skipped/>
  </testcase> <!-- checklinkage -->
  <testcase name="checkscene" classname="com.oribo.android365.testcase.HomeManage">
    <skipped/>
  </testcase> <!-- checkscene -->
  <testcase name="dragfloor" classname="com.oribo.android365.testcase.HomeManage">
    <skipped/>
  </testcase> <!-- dragfloor -->
  <testcase name="editlinkage" classname="com.oribo.android365.testcase.HomeManage">
    <skipped/>
  </testcase> <!-- editlinkage -->
  <testcase name="checkfamilynumber" classname="com.oribo.android365.testcase.HomeManage">
    <skipped/>
  </testcase> <!-- checkfamilynumber -->
  <testcase name="edithome" classname="com.oribo.android365.testcase.HomeManage">
    <skipped/>
  </testcase> <!-- edithome -->
  <testcase name="addlink" classname="com.oribo.android365.testcase.HomeManage">
    <skipped/>
  </testcase> <!-- addlink -->
  <testcase name="memberoffamily" classname="com.oribo.android365.testcase.HomeManage">
    <skipped/>
  </testcase> <!-- memberoffamily -->
  <testcase name="delectroom" classname="com.oribo.android365.testcase.HomeManage">
    <skipped/>
  </testcase> <!-- delectroom -->
  <testcase name="myhost" classname="com.oribo.android365.testcase.HomeManage">
    <skipped/>
  </testcase> <!-- myhost -->
  <testcase name="sort" classname="com.oribo.android365.testcase.HomeManage">
    <skipped/>
  </testcase> <!-- sort -->
  <testcase name="ClickMore" classname="com.oribo.android365.testcase.HomeManage">
    <skipped/>
  </testcase> <!-- ClickMore -->
  <testcase name="CheckMyHub" classname="com.oribo.android365.testcase.HomeManage">
    <skipped/>
  </testcase> <!-- CheckMyHub -->
  <testcase name="familydetails" classname="com.oribo.android365.testcase.HomeManage">
    <skipped/>
  </testcase> <!-- familydetails -->
  <testcase name="delectfloor" classname="com.oribo.android365.testcase.HomeManage">
    <skipped/>
  </testcase> <!-- delectfloor -->
  <testcase name="addhome" classname="com.oribo.android365.testcase.HomeManage">
    <skipped/>
  </testcase> <!-- addhome -->
  <testcase name="addfloor" classname="com.oribo.android365.testcase.HomeManage">
    <skipped/>
  </testcase> <!-- addfloor -->
  <testcase name="defaultroom" classname="com.oribo.android365.testcase.HomeManage">
    <skipped/>
  </testcase> <!-- defaultroom -->
  <testcase name="weibologging" classname="com.oribo.android365.testcase.SignIn">
    <skipped/>
  </testcase> <!-- weibologging -->
  <testcase name="checkother" classname="com.oribo.android365.testcase.SignIn">
    <skipped/>
  </testcase> <!-- checkother -->
  <testcase name="b_logff" classname="com.oribo.android365.testcase.SignIn">
    <skipped/>
  </testcase> <!-- b_logff -->
  <testcase name="nickmaxchina" classname="com.oribo.android365.testcase.Personcenter">
    <skipped/>
  </testcase> <!-- nickmaxchina -->
  <testcase name="forgetpassword" classname="com.oribo.android365.testcase.Personcenter">
    <skipped/>
  </testcase> <!-- forgetpassword -->
  <testcase name="checkaccount" classname="com.oribo.android365.testcase.Personcenter">
    <skipped/>
  </testcase> <!-- checkaccount -->
  <testcase name="setphotobyalbum" classname="com.oribo.android365.testcase.Personcenter">
    <skipped/>
  </testcase> <!-- setphotobyalbum -->
  <testcase name="authorization" classname="com.oribo.android365.testcase.Personcenter">
    <skipped/>
  </testcase> <!-- authorization -->
  <testcase name="bindinputcheck" classname="com.oribo.android365.testcase.Personcenter">
    <skipped/>
  </testcase> <!-- bindinputcheck -->
  <testcase name="checkdefaultphoto" classname="com.oribo.android365.testcase.Personcenter">
    <skipped/>
  </testcase> <!-- checkdefaultphoto -->
  <testcase name="checkbind" classname="com.oribo.android365.testcase.Personcenter">
    <skipped/>
  </testcase> <!-- checkbind -->
  <testcase name="about" classname="com.oribo.android365.testcase.Personcenter">
    <skipped/>
  </testcase> <!-- about -->
  <testcase name="Unboundauthorization" classname="com.oribo.android365.testcase.Personcenter">
    <skipped/>
  </testcase> <!-- Unboundauthorization -->
  <testcase name="nickNull" classname="com.oribo.android365.testcase.Personcenter">
    <skipped/>
  </testcase> <!-- nickNull -->
  <testcase name="modifypassword" classname="com.oribo.android365.testcase.Personcenter">
    <skipped/>
  </testcase> <!-- modifypassword -->
  <testcase name="nickmaxeng" classname="com.oribo.android365.testcase.Personcenter">
    <skipped/>
  </testcase> <!-- nickmaxeng -->
  <testcase name="authorizationentrance" classname="com.oribo.android365.testcase.Personcenter">
    <skipped/>
  </testcase> <!-- authorizationentrance -->
  <testcase name="setphotobycamera" classname="com.oribo.android365.testcase.Personcenter">
    <skipped/>
  </testcase> <!-- setphotobycamera -->
</testsuite> <!-- com.oribo.android365.testcase.Personcenter -->
