<?xml version="1.0" encoding="UTF-8"?>
<!-- Generated by org.testng.reporters.JUnitReportReporter -->
<testsuite name="com.oribo.android365.testcase.SignIn" tests="3" time="233.689" ignored="47" failures="1" timestamp="23 三月 2017 10:05:47 GMT" skipped="2" hostname="test" errors="0">
  <testcase name="weibologging" time="78.092" classname="com.oribo.android365.testcase.SignIn">
    <skipped/>
  </testcase> <!-- weibologging -->
  <testcase name="weibologging" time="78.611" classname="com.oribo.android365.testcase.SignIn">
    <skipped/>
  </testcase> <!-- weibologging -->
  <testcase name="weibologging" time="76.986" classname="com.oribo.android365.testcase.SignIn">
    <failure type="java.lang.AssertionError" message="授权登录后帐号名称未变 expected [true] but found [false]">
      <![CDATA[java.lang.AssertionError: 授权登录后帐号名称未变 expected [true] but found [false]
	at org.testng.Assert.fail(Assert.java:94)
	at org.testng.Assert.failNotEquals(Assert.java:513)
	at org.testng.Assert.assertTrue(Assert.java:42)
	at com.oribo.android365.testcase.SignIn.weibologging(SignIn.java:175)
	at sun.reflect.NativeMethodAccessorImpl.invoke0(Native Method)
	at sun.reflect.NativeMethodAccessorImpl.invoke(Unknown Source)
	at sun.reflect.DelegatingMethodAccessorImpl.invoke(Unknown Source)
	at java.lang.reflect.Method.invoke(Unknown Source)
	at org.testng.internal.MethodInvocationHelper.invokeMethod(MethodInvocationHelper.java:104)
	at org.testng.internal.Invoker.invokeMethod(Invoker.java:645)
	at org.testng.internal.Invoker.retryFailed(Invoker.java:998)
	at org.testng.internal.Invoker.invokeTestMethods(Invoker.java:1200)
	at org.testng.internal.TestMethodWorker.invokeTestMethods(TestMethodWorker.java:129)
	at org.testng.internal.TestMethodWorker.run(TestMethodWorker.java:112)
	at org.testng.TestRunner.privateRun(TestRunner.java:756)
	at org.testng.TestRunner.run(TestRunner.java:610)
	at org.testng.SuiteRunner.runTest(SuiteRunner.java:387)
	at org.testng.SuiteRunner.runSequentially(SuiteRunner.java:382)
	at org.testng.SuiteRunner.privateRun(SuiteRunner.java:340)
	at org.testng.SuiteRunner.run(SuiteRunner.java:289)
	at org.testng.SuiteRunnerWorker.runSuite(SuiteRunnerWorker.java:52)
	at org.testng.SuiteRunnerWorker.run(SuiteRunnerWorker.java:86)
	at org.testng.TestNG.runSuitesSequentially(TestNG.java:1293)
	at org.testng.TestNG.runSuitesLocally(TestNG.java:1218)
	at org.testng.TestNG.runSuites(TestNG.java:1133)
	at org.testng.TestNG.run(TestNG.java:1104)
	at org.testng.remote.AbstractRemoteTestNG.run(AbstractRemoteTestNG.java:132)
	at org.testng.remote.RemoteTestNG.initAndRun(RemoteTestNG.java:236)
	at org.testng.remote.RemoteTestNG.main(RemoteTestNG.java:81)
]]>
    </failure>
  </testcase> <!-- weibologging -->
  <testcase name="editscene" classname="com.oribo.android365.testcase.PersoncenterWithdb">
    <skipped/>
  </testcase> <!-- editscene -->
  <testcase name="defaultroom" classname="com.oribo.android365.testcase.PersoncenterWithdb">
    <skipped/>
  </testcase> <!-- defaultroom -->
  <testcase name="addhome" classname="com.oribo.android365.testcase.PersoncenterWithdb">
    <skipped/>
  </testcase> <!-- addhome -->
  <testcase name="deletelink" classname="com.oribo.android365.testcase.PersoncenterWithdb">
    <skipped/>
  </testcase> <!-- deletelink -->
  <testcase name="delectfloor" classname="com.oribo.android365.testcase.PersoncenterWithdb">
    <skipped/>
  </testcase> <!-- delectfloor -->
  <testcase name="CheckMyHub" classname="com.oribo.android365.testcase.PersoncenterWithdb">
    <skipped/>
  </testcase> <!-- CheckMyHub -->
  <testcase name="ClickMore" classname="com.oribo.android365.testcase.PersoncenterWithdb">
    <skipped/>
  </testcase> <!-- ClickMore -->
  <testcase name="dragfloor" classname="com.oribo.android365.testcase.PersoncenterWithdb">
    <skipped/>
  </testcase> <!-- dragfloor -->
  <testcase name="checkfamilynumber" classname="com.oribo.android365.testcase.PersoncenterWithdb">
    <skipped/>
  </testcase> <!-- checkfamilynumber -->
  <testcase name="delectroom" classname="com.oribo.android365.testcase.PersoncenterWithdb">
    <skipped/>
  </testcase> <!-- delectroom -->
  <testcase name="myhost" classname="com.oribo.android365.testcase.PersoncenterWithdb">
    <skipped/>
  </testcase> <!-- myhost -->
  <testcase name="checklinkage" classname="com.oribo.android365.testcase.PersoncenterWithdb">
    <skipped/>
  </testcase> <!-- checklinkage -->
  <testcase name="addlink" classname="com.oribo.android365.testcase.PersoncenterWithdb">
    <skipped/>
  </testcase> <!-- addlink -->
  <testcase name="delectscene" classname="com.oribo.android365.testcase.PersoncenterWithdb">
    <skipped/>
  </testcase> <!-- delectscene -->
  <testcase name="checkdefault" classname="com.oribo.android365.testcase.PersoncenterWithdb">
    <skipped/>
  </testcase> <!-- checkdefault -->
  <testcase name="getAdvInfo" classname="com.oribo.android365.testcase.PersoncenterWithdb">
    <skipped/>
  </testcase> <!-- getAdvInfo -->
  <testcase name="remindersettings" classname="com.oribo.android365.testcase.PersoncenterWithdb">
    <skipped/>
  </testcase> <!-- remindersettings -->
  <testcase name="addfloor" classname="com.oribo.android365.testcase.PersoncenterWithdb">
    <skipped/>
  </testcase> <!-- addfloor -->
  <testcase name="familydetails" classname="com.oribo.android365.testcase.PersoncenterWithdb">
    <skipped/>
  </testcase> <!-- familydetails -->
  <testcase name="editlinkage" classname="com.oribo.android365.testcase.PersoncenterWithdb">
    <skipped/>
  </testcase> <!-- editlinkage -->
  <testcase name="sort" classname="com.oribo.android365.testcase.PersoncenterWithdb">
    <skipped/>
  </testcase> <!-- sort -->
  <testcase name="addroom" classname="com.oribo.android365.testcase.PersoncenterWithdb">
    <skipped/>
  </testcase> <!-- addroom -->
  <testcase name="memberoffamily" classname="com.oribo.android365.testcase.PersoncenterWithdb">
    <skipped/>
  </testcase> <!-- memberoffamily -->
  <testcase name="systemscene" classname="com.oribo.android365.testcase.PersoncenterWithdb">
    <skipped/>
  </testcase> <!-- systemscene -->
  <testcase name="checkscene" classname="com.oribo.android365.testcase.PersoncenterWithdb">
    <skipped/>
  </testcase> <!-- checkscene -->
  <testcase name="edithome" classname="com.oribo.android365.testcase.PersoncenterWithdb">
    <skipped/>
  </testcase> <!-- edithome -->
  <testcase name="addscene" classname="com.oribo.android365.testcase.PersoncenterWithdb">
    <skipped/>
  </testcase> <!-- addscene -->
  <testcase name="a_phoneregister" classname="com.oribo.android365.testcase.SignIn">
    <skipped/>
  </testcase> <!-- a_phoneregister -->
  <testcase name="checkother" classname="com.oribo.android365.testcase.SignIn">
    <skipped/>
  </testcase> <!-- checkother -->
  <testcase name="b_logff" classname="com.oribo.android365.testcase.SignIn">
    <skipped/>
  </testcase> <!-- b_logff -->
  <testcase name="nickmaxchina" classname="com.oribo.android365.testcase.Personcenter">
    <skipped/>
  </testcase> <!-- nickmaxchina -->
  <testcase name="forgetpassword" classname="com.oribo.android365.testcase.Personcenter">
    <skipped/>
  </testcase> <!-- forgetpassword -->
  <testcase name="checkaccount" classname="com.oribo.android365.testcase.Personcenter">
    <skipped/>
  </testcase> <!-- checkaccount -->
  <testcase name="setphotobyalbum" classname="com.oribo.android365.testcase.Personcenter">
    <skipped/>
  </testcase> <!-- setphotobyalbum -->
  <testcase name="authorization" classname="com.oribo.android365.testcase.Personcenter">
    <skipped/>
  </testcase> <!-- authorization -->
  <testcase name="feedback" classname="com.oribo.android365.testcase.Personcenter">
    <skipped/>
  </testcase> <!-- feedback -->
  <testcase name="bindinputcheck" classname="com.oribo.android365.testcase.Personcenter">
    <skipped/>
  </testcase> <!-- bindinputcheck -->
  <testcase name="checkdefaultphoto" classname="com.oribo.android365.testcase.Personcenter">
    <skipped/>
  </testcase> <!-- checkdefaultphoto -->
  <testcase name="checkbind" classname="com.oribo.android365.testcase.Personcenter">
    <skipped/>
  </testcase> <!-- checkbind -->
  <testcase name="about" classname="com.oribo.android365.testcase.Personcenter">
    <skipped/>
  </testcase> <!-- about -->
  <testcase name="Unboundauthorization" classname="com.oribo.android365.testcase.Personcenter">
    <skipped/>
  </testcase> <!-- Unboundauthorization -->
  <testcase name="nickmodify" classname="com.oribo.android365.testcase.Personcenter">
    <skipped/>
  </testcase> <!-- nickmodify -->
  <testcase name="nickNull" classname="com.oribo.android365.testcase.Personcenter">
    <skipped/>
  </testcase> <!-- nickNull -->
  <testcase name="modifypassword" classname="com.oribo.android365.testcase.Personcenter">
    <skipped/>
  </testcase> <!-- modifypassword -->
  <testcase name="authorizationentrance" classname="com.oribo.android365.testcase.Personcenter">
    <skipped/>
  </testcase> <!-- authorizationentrance -->
  <testcase name="nickmaxeng" classname="com.oribo.android365.testcase.Personcenter">
    <skipped/>
  </testcase> <!-- nickmaxeng -->
  <testcase name="setphotobycamera" classname="com.oribo.android365.testcase.Personcenter">
    <skipped/>
  </testcase> <!-- setphotobycamera -->
</testsuite> <!-- com.oribo.android365.testcase.SignIn -->
