<?xml version="1.0" encoding="UTF-8"?>
<!-- Generated by org.testng.reporters.JUnitReportReporter -->
<testsuite name="com.oribo.android365.testcase.HomeManage" tests="1" time="74.033" ignored="19" failures="0" timestamp="09 三月 2017 07:59:59 GMT" skipped="0" hostname="test" errors="0">
  <testcase name="remindersettings" time="74.033" classname="com.oribo.android365.testcase.HomeManage"/>
  <testcase name="CheckDeleteHost" classname="com.oribo.android365.testcase.HomeManage">
    <skipped/>
  </testcase> <!-- CheckDeleteHost -->
  <testcase name="checkdefault" classname="com.oribo.android365.testcase.HomeManage">
    <skipped/>
  </testcase> <!-- checkdefault -->
  <testcase name="CancelDeleteHostNotice" classname="com.oribo.android365.testcase.HomeManage">
    <skipped/>
  </testcase> <!-- CancelDeleteHostNotice -->
  <testcase name="DeleteHost" classname="com.oribo.android365.testcase.HomeManage">
    <skipped/>
  </testcase> <!-- DeleteHost -->
  <testcase name="dragfloor" classname="com.oribo.android365.testcase.HomeManage">
    <skipped/>
  </testcase> <!-- dragfloor -->
  <testcase name="checkfamilynumber" classname="com.oribo.android365.testcase.HomeManage">
    <skipped/>
  </testcase> <!-- checkfamilynumber -->
  <testcase name="addroom" classname="com.oribo.android365.testcase.HomeManage">
    <skipped/>
  </testcase> <!-- addroom -->
  <testcase name="edithome" classname="com.oribo.android365.testcase.HomeManage">
    <skipped/>
  </testcase> <!-- edithome -->
  <testcase name="delectroom" classname="com.oribo.android365.testcase.HomeManage">
    <skipped/>
  </testcase> <!-- delectroom -->
  <testcase name="memberoffamily" classname="com.oribo.android365.testcase.HomeManage">
    <skipped/>
  </testcase> <!-- memberoffamily -->
  <testcase name="myhost" classname="com.oribo.android365.testcase.HomeManage">
    <skipped/>
  </testcase> <!-- myhost -->
  <testcase name="sort" classname="com.oribo.android365.testcase.HomeManage">
    <skipped/>
  </testcase> <!-- sort -->
  <testcase name="ClickMore" classname="com.oribo.android365.testcase.HomeManage">
    <skipped/>
  </testcase> <!-- ClickMore -->
  <testcase name="CheckMyHub" classname="com.oribo.android365.testcase.HomeManage">
    <skipped/>
  </testcase> <!-- CheckMyHub -->
  <testcase name="delectfloor" classname="com.oribo.android365.testcase.HomeManage">
    <skipped/>
  </testcase> <!-- delectfloor -->
  <testcase name="addhome" classname="com.oribo.android365.testcase.HomeManage">
    <skipped/>
  </testcase> <!-- addhome -->
  <testcase name="familydetails" classname="com.oribo.android365.testcase.HomeManage">
    <skipped/>
  </testcase> <!-- familydetails -->
  <testcase name="addfloor" classname="com.oribo.android365.testcase.HomeManage">
    <skipped/>
  </testcase> <!-- addfloor -->
  <testcase name="defaultroom" classname="com.oribo.android365.testcase.HomeManage">
    <skipped/>
  </testcase> <!-- defaultroom -->
</testsuite> <!-- com.oribo.android365.testcase.HomeManage -->
