<?xml version="1.0" encoding="UTF-8"?>
<!-- Generated by org.testng.reporters.JUnitReportReporter -->
<testsuite name="com.oribo.android365.testcase.HomeManage" tests="1" time="41.771" ignored="0" failures="0" timestamp="02 三月 2017 03:23:23 GMT" skipped="0" hostname="test" errors="0">
  <testcase name="checkdefault" time="41.771" classname="com.oribo.android365.testcase.HomeManage"/>
</testsuite> <!-- com.oribo.android365.testcase.HomeManage -->
